{"/Users/eli/repos/nhost-js-sdk/src/Auth.ts": {"path":"/Users/eli/repos/nhost-js-sdk/src/Auth.ts","statementMap":{"0":{"start":{"line":1,"column":0},"end":{"line":1,"column":45}},"1":{"start":{"line":5,"column":0},"end":{"line":5,"column":null}},"2":{"start":{"line":14,"column":4},"end":{"line":18,"column":7}},"3":{"start":{"line":21,"column":4},"end":{"line":23,"column":14}},"4":{"start":{"line":25,"column":4},"end":{"line":25,"column":28}},"5":{"start":{"line":26,"column":4},"end":{"line":26,"column":37}},"6":{"start":{"line":27,"column":4},"end":{"line":27,"column":26}},"7":{"start":{"line":28,"column":4},"end":{"line":28,"column":31}},"8":{"start":{"line":30,"column":4},"end":{"line":30,"column":21}},"9":{"start":{"line":33,"column":10},"end":{"line":35,"column":null}},"10":{"start":{"line":34,"column":4},"end":{"line":34,"column":24}},"11":{"start":{"line":37,"column":10},"end":{"line":65,"column":null}},"12":{"start":{"line":37,"column":40},"end":{"line":37,"column":null}},"13":{"start":{"line":39,"column":4},"end":{"line":41,"column":null}},"14":{"start":{"line":40,"column":6},"end":{"line":40,"column":39}},"15":{"start":{"line":44,"column":4},"end":{"line":44,"column":43}},"16":{"start":{"line":44,"column":36},"end":{"line":44,"column":43}},"17":{"start":{"line":49,"column":4},"end":{"line":49,"column":29}},"18":{"start":{"line":51,"column":4},"end":{"line":61,"column":null}},"19":{"start":{"line":53,"column":6},"end":{"line":57,"column":8}},"20":{"start":{"line":60,"column":6},"end":{"line":60,"column":43}},"21":{"start":{"line":64,"column":4},"end":{"line":64,"column":44}},"22":{"start":{"line":67,"column":15},"end":{"line":81,"column":null}},"23":{"start":{"line":73,"column":6},"end":{"line":77,"column":9}},"24":{"start":{"line":79,"column":6},"end":{"line":79,"column":18}},"25":{"start":{"line":83,"column":15},"end":{"line":94,"column":null}},"26":{"start":{"line":86,"column":18},"end":{"line":89,"column":9}},"27":{"start":{"line":86,"column":6},"end":{"line":89,"column":9}},"28":{"start":{"line":91,"column":6},"end":{"line":91,"column":18}},"29":{"start":{"line":93,"column":4},"end":{"line":93,"column":55}},"30":{"start":{"line":96,"column":15},"end":{"line":107,"column":null}},"31":{"start":{"line":96,"column":22},"end":{"line":96,"column":null}},"32":{"start":{"line":98,"column":6},"end":{"line":100,"column":9}},"33":{"start":{"line":102,"column":6},"end":{"line":102,"column":18}},"34":{"start":{"line":105,"column":4},"end":{"line":105,"column":30}},"35":{"start":{"line":106,"column":4},"end":{"line":106,"column":30}},"36":{"start":{"line":109,"column":9},"end":{"line":111,"column":null}},"37":{"start":{"line":110,"column":4},"end":{"line":110,"column":41}},"38":{"start":{"line":113,"column":9},"end":{"line":115,"column":null}},"39":{"start":{"line":114,"column":4},"end":{"line":114,"column":28}},"40":{"start":{"line":117,"column":9},"end":{"line":119,"column":null}},"41":{"start":{"line":118,"column":4},"end":{"line":118,"column":35}},"42":{"start":{"line":121,"column":9},"end":{"line":123,"column":null}},"43":{"start":{"line":122,"column":4},"end":{"line":122,"column":42}},"44":{"start":{"line":125,"column":16},"end":{"line":133,"column":null}},"45":{"start":{"line":128,"column":12},"end":{"line":128,"column":57}},"46":{"start":{"line":128,"column":6},"end":{"line":128,"column":57}},"47":{"start":{"line":130,"column":6},"end":{"line":130,"column":39}},"48":{"start":{"line":132,"column":4},"end":{"line":132,"column":49}},"49":{"start":{"line":135,"column":10},"end":{"line":139,"column":null}},"50":{"start":{"line":136,"column":4},"end":{"line":138,"column":null}},"51":{"start":{"line":136,"column":38},"end":{"line":136,"column":42}},"52":{"start":{"line":136,"column":38},"end":{"line":136,"column":65}},"53":{"start":{"line":136,"column":34},"end":{"line":136,"column":38}},"54":{"start":{"line":137,"column":6},"end":{"line":137,"column":33}},"55":{"start":{"line":141,"column":15},"end":{"line":145,"column":null}},"56":{"start":{"line":142,"column":4},"end":{"line":144,"column":7}},"57":{"start":{"line":147,"column":15},"end":{"line":151,"column":null}},"58":{"start":{"line":148,"column":4},"end":{"line":150,"column":7}},"59":{"start":{"line":153,"column":15},"end":{"line":157,"column":null}},"60":{"start":{"line":154,"column":4},"end":{"line":156,"column":7}},"61":{"start":{"line":159,"column":15},"end":{"line":163,"column":null}},"62":{"start":{"line":160,"column":4},"end":{"line":162,"column":7}},"63":{"start":{"line":165,"column":15},"end":{"line":173,"column":null}},"64":{"start":{"line":169,"column":4},"end":{"line":172,"column":7}},"65":{"start":{"line":175,"column":15},"end":{"line":179,"column":null}},"66":{"start":{"line":176,"column":4},"end":{"line":178,"column":7}},"67":{"start":{"line":181,"column":15},"end":{"line":189,"column":null}},"68":{"start":{"line":185,"column":4},"end":{"line":188,"column":7}},"69":{"start":{"line":190,"column":0},"end":{"line":190,"column":null}}},"fnMap":{"0":{"name":"(anonymous_14)","decl":{"start":{"line":5,"column":0},"end":{"line":5,"column":null}},"loc":{"start":{"line":5,"column":0},"end":{"line":190,"column":null}}},"1":{"name":"Auth","decl":{"start":{"line":13,"column":2},"end":{"line":13,"column":14}},"loc":{"start":{"line":13,"column":56},"end":{"line":31,"column":3}}},"2":{"name":"(anonymous_16)","decl":{"start":{"line":33,"column":2},"end":{"line":33,"column":10}},"loc":{"start":{"line":33,"column":2},"end":{"line":35,"column":3}}},"3":{"name":"(anonymous_17)","decl":{"start":{"line":37,"column":2},"end":{"line":37,"column":10}},"loc":{"start":{"line":37,"column":62},"end":{"line":65,"column":3}}},"4":{"name":"(anonymous_18)","decl":{"start":{"line":67,"column":2},"end":{"line":67,"column":15}},"loc":{"start":{"line":70,"column":23},"end":{"line":81,"column":null}}},"5":{"name":"(anonymous_21)","decl":{"start":{"line":83,"column":2},"end":{"line":83,"column":15}},"loc":{"start":{"line":83,"column":52},"end":{"line":94,"column":null}}},"6":{"name":"(anonymous_24)","decl":{"start":{"line":96,"column":2},"end":{"line":96,"column":15}},"loc":{"start":{"line":96,"column":42},"end":{"line":107,"column":null}}},"7":{"name":"(anonymous_27)","decl":{"start":{"line":109,"column":2},"end":{"line":109,"column":9}},"loc":{"start":{"line":109,"column":40},"end":{"line":111,"column":3}}},"8":{"name":"(anonymous_28)","decl":{"start":{"line":113,"column":2},"end":{"line":113,"column":9}},"loc":{"start":{"line":113,"column":2},"end":{"line":115,"column":3}}},"9":{"name":"(anonymous_29)","decl":{"start":{"line":117,"column":2},"end":{"line":117,"column":9}},"loc":{"start":{"line":117,"column":2},"end":{"line":119,"column":3}}},"10":{"name":"(anonymous_30)","decl":{"start":{"line":121,"column":2},"end":{"line":121,"column":9}},"loc":{"start":{"line":121,"column":31},"end":{"line":123,"column":3}}},"11":{"name":"(anonymous_31)","decl":{"start":{"line":125,"column":2},"end":{"line":125,"column":16}},"loc":{"start":{"line":125,"column":2},"end":{"line":133,"column":null}}},"12":{"name":"(anonymous_34)","decl":{"start":{"line":135,"column":2},"end":{"line":135,"column":10}},"loc":{"start":{"line":135,"column":41},"end":{"line":139,"column":3}}},"13":{"name":"(anonymous_35)","decl":{"start":{"line":141,"column":2},"end":{"line":141,"column":15}},"loc":{"start":{"line":141,"column":38},"end":{"line":145,"column":null}}},"14":{"name":"(anonymous_38)","decl":{"start":{"line":147,"column":2},"end":{"line":147,"column":15}},"loc":{"start":{"line":147,"column":44},"end":{"line":151,"column":null}}},"15":{"name":"(anonymous_41)","decl":{"start":{"line":153,"column":2},"end":{"line":153,"column":15}},"loc":{"start":{"line":153,"column":51},"end":{"line":157,"column":null}}},"16":{"name":"(anonymous_44)","decl":{"start":{"line":159,"column":2},"end":{"line":159,"column":15}},"loc":{"start":{"line":159,"column":47},"end":{"line":163,"column":null}}},"17":{"name":"(anonymous_47)","decl":{"start":{"line":165,"column":2},"end":{"line":165,"column":15}},"loc":{"start":{"line":167,"column":24},"end":{"line":173,"column":null}}},"18":{"name":"(anonymous_50)","decl":{"start":{"line":175,"column":2},"end":{"line":175,"column":15}},"loc":{"start":{"line":175,"column":50},"end":{"line":179,"column":null}}},"19":{"name":"(anonymous_53)","decl":{"start":{"line":181,"column":2},"end":{"line":181,"column":15}},"loc":{"start":{"line":183,"column":18},"end":{"line":189,"column":null}}}},"branchMap":{"0":{"loc":{"start":{"line":22,"column":8},"end":{"line":22,"column":36}},"type":"cond-expr","locations":[{"start":{"line":22,"column":8},"end":{"line":22,"column":36}},{"start":{"line":23,"column":8},"end":{"line":23,"column":13}}]},"1":{"loc":{"start":{"line":37,"column":40},"end":{"line":37,"column":null}},"type":"if","locations":[{"start":{"line":37,"column":40},"end":{"line":37,"column":null}},{"start":{"line":37,"column":40},"end":{"line":37,"column":null}}]},"2":{"loc":{"start":{"line":39,"column":4},"end":{"line":41,"column":null}},"type":"if","locations":[{"start":{"line":39,"column":4},"end":{"line":41,"column":null}},{"start":{"line":39,"column":4},"end":{"line":41,"column":null}}]},"3":{"loc":{"start":{"line":44,"column":4},"end":{"line":44,"column":43}},"type":"if","locations":[{"start":{"line":44,"column":4},"end":{"line":44,"column":43}},{"start":{"line":44,"column":4},"end":{"line":44,"column":43}}]},"4":{"loc":{"start":{"line":51,"column":4},"end":{"line":61,"column":null}},"type":"if","locations":[{"start":{"line":51,"column":4},"end":{"line":61,"column":null}},{"start":{"line":51,"column":4},"end":{"line":61,"column":null}}]},"5":{"loc":{"start":{"line":96,"column":22},"end":{"line":96,"column":null}},"type":"if","locations":[{"start":{"line":96,"column":22},"end":{"line":96,"column":null}},{"start":{"line":96,"column":22},"end":{"line":96,"column":null}}]},"6":{"loc":{"start":{"line":142,"column":4},"end":{"line":144,"column":7}},"type":"switch","locations":[{"start":{"line":142,"column":4},"end":{"line":144,"column":7}}]},"7":{"loc":{"start":{"line":148,"column":4},"end":{"line":150,"column":7}},"type":"switch","locations":[{"start":{"line":148,"column":4},"end":{"line":150,"column":7}}]},"8":{"loc":{"start":{"line":154,"column":4},"end":{"line":156,"column":7}},"type":"switch","locations":[{"start":{"line":154,"column":4},"end":{"line":156,"column":7}}]},"9":{"loc":{"start":{"line":160,"column":4},"end":{"line":162,"column":7}},"type":"switch","locations":[{"start":{"line":160,"column":4},"end":{"line":162,"column":7}}]},"10":{"loc":{"start":{"line":169,"column":4},"end":{"line":172,"column":7}},"type":"switch","locations":[{"start":{"line":169,"column":4},"end":{"line":172,"column":7}}]},"11":{"loc":{"start":{"line":176,"column":4},"end":{"line":178,"column":7}},"type":"switch","locations":[{"start":{"line":176,"column":4},"end":{"line":178,"column":7}}]},"12":{"loc":{"start":{"line":185,"column":4},"end":{"line":188,"column":7}},"type":"switch","locations":[{"start":{"line":185,"column":4},"end":{"line":188,"column":7}}]}},"s":{"0":1,"1":1,"2":1,"3":1,"4":1,"5":1,"6":1,"7":1,"8":1,"9":1,"10":1,"11":1,"12":19,"13":12,"14":5,"15":12,"16":2,"17":10,"18":10,"19":5,"20":5,"21":10,"22":1,"23":16,"24":6,"25":1,"26":6,"27":6,"28":1,"29":5,"30":1,"31":12,"32":12,"33":0,"34":6,"35":6,"36":1,"37":1,"38":1,"39":2,"40":1,"41":2,"42":1,"43":1,"44":1,"45":1,"46":1,"47":1,"48":0,"49":1,"50":10,"51":10,"52":10,"53":10,"54":10,"55":1,"56":0,"57":1,"58":0,"59":1,"60":0,"61":1,"62":0,"63":1,"64":2,"65":1,"66":0,"67":1,"68":0,"69":1},"f":{"0":1,"1":1,"2":1,"3":12,"4":8,"5":6,"6":6,"7":1,"8":2,"9":2,"10":1,"11":1,"12":10,"13":0,"14":0,"15":0,"16":0,"17":1,"18":0,"19":0},"b":{"0":[0,1],"1":[7,5],"2":[5,7],"3":[2,10],"4":[5,5],"5":[6,0],"6":[0],"7":[0],"8":[0],"9":[0],"10":[1],"11":[0],"12":[0]}}
,"/Users/eli/repos/nhost-js-sdk/src/JWTMemory.ts": {"path":"/Users/eli/repos/nhost-js-sdk/src/JWTMemory.ts","statementMap":{"0":{"start":{"line":1,"column":0},"end":{"line":1,"column":36}},"1":{"start":{"line":3,"column":0},"end":{"line":3,"column":null}},"2":{"start":{"line":8,"column":4},"end":{"line":8,"column":19}},"3":{"start":{"line":9,"column":4},"end":{"line":9,"column":16}},"4":{"start":{"line":12,"column":9},"end":{"line":16,"column":null}},"5":{"start":{"line":13,"column":4},"end":{"line":13,"column":31}},"6":{"start":{"line":14,"column":29},"end":{"line":14,"column":57}},"7":{"start":{"line":15,"column":4},"end":{"line":15,"column":67}},"8":{"start":{"line":18,"column":9},"end":{"line":20,"column":null}},"9":{"start":{"line":19,"column":4},"end":{"line":19,"column":26}},"10":{"start":{"line":22,"column":9},"end":{"line":24,"column":null}},"11":{"start":{"line":23,"column":4},"end":{"line":23,"column":30}},"12":{"start":{"line":26,"column":9},"end":{"line":28,"column":null}},"13":{"start":{"line":27,"column":4},"end":{"line":27,"column":24}},"14":{"start":{"line":29,"column":0},"end":{"line":29,"column":null}}},"fnMap":{"0":{"name":"(anonymous_1)","decl":{"start":{"line":3,"column":0},"end":{"line":3,"column":null}},"loc":{"start":{"line":3,"column":0},"end":{"line":29,"column":null}}},"1":{"name":"JWTMemory","decl":{"start":{"line":7,"column":2},"end":{"line":7,"column":null}},"loc":{"start":{"line":7,"column":2},"end":{"line":10,"column":3}}},"2":{"name":"(anonymous_3)","decl":{"start":{"line":12,"column":2},"end":{"line":12,"column":9}},"loc":{"start":{"line":12,"column":33},"end":{"line":16,"column":3}}},"3":{"name":"(anonymous_4)","decl":{"start":{"line":18,"column":2},"end":{"line":18,"column":9}},"loc":{"start":{"line":18,"column":2},"end":{"line":20,"column":3}}},"4":{"name":"(anonymous_5)","decl":{"start":{"line":22,"column":2},"end":{"line":22,"column":9}},"loc":{"start":{"line":22,"column":31},"end":{"line":24,"column":3}}},"5":{"name":"(anonymous_6)","decl":{"start":{"line":26,"column":2},"end":{"line":26,"column":9}},"loc":{"start":{"line":26,"column":2},"end":{"line":28,"column":3}}}},"branchMap":{},"s":{"0":1,"1":1,"2":1,"3":1,"4":1,"5":5,"6":5,"7":5,"8":1,"9":2,"10":1,"11":1,"12":1,"13":6,"14":1},"f":{"0":1,"1":1,"2":5,"3":2,"4":1,"5":6},"b":{}}
,"/Users/eli/repos/nhost-js-sdk/src/Storage.ts": {"path":"/Users/eli/repos/nhost-js-sdk/src/Storage.ts","statementMap":{"0":{"start":{"line":1,"column":0},"end":{"line":1,"column":45}},"1":{"start":{"line":5,"column":0},"end":{"line":5,"column":null}},"2":{"start":{"line":10,"column":4},"end":{"line":14,"column":7}},"3":{"start":{"line":16,"column":4},"end":{"line":16,"column":31}},"4":{"start":{"line":19,"column":8},"end":{"line":47,"column":null}},"5":{"start":{"line":22,"column":4},"end":{"line":22,"column":null}},"6":{"start":{"line":23,"column":4},"end":{"line":23,"column":null}},"7":{"start":{"line":25,"column":8},"end":{"line":25,"column":35}},"8":{"start":{"line":26,"column":4},"end":{"line":26,"column":35}},"9":{"start":{"line":29,"column":4},"end":{"line":31,"column":null}},"10":{"start":{"line":30,"column":6},"end":{"line":30,"column":51}},"11":{"start":{"line":33,"column":10},"end":{"line":35,"column":6}},"12":{"start":{"line":37,"column":23},"end":{"line":44,"column":null}},"13":{"start":{"line":37,"column":10},"end":{"line":44,"column":null}},"14":{"start":{"line":46,"column":4},"end":{"line":46,"column":27}},"15":{"start":{"line":49,"column":8},"end":{"line":52,"column":null}},"16":{"start":{"line":50,"column":23},"end":{"line":50,"column":null}},"17":{"start":{"line":50,"column":10},"end":{"line":50,"column":null}},"18":{"start":{"line":51,"column":4},"end":{"line":51,"column":27}},"19":{"start":{"line":54,"column":8},"end":{"line":57,"column":null}},"20":{"start":{"line":55,"column":16},"end":{"line":55,"column":null}},"21":{"start":{"line":55,"column":10},"end":{"line":55,"column":null}},"22":{"start":{"line":56,"column":4},"end":{"line":56,"column":20}},"23":{"start":{"line":58,"column":0},"end":{"line":58,"column":null}}},"fnMap":{"0":{"name":"(anonymous_14)","decl":{"start":{"line":5,"column":0},"end":{"line":5,"column":null}},"loc":{"start":{"line":5,"column":0},"end":{"line":58,"column":null}}},"1":{"name":"Storage","decl":{"start":{"line":9,"column":2},"end":{"line":9,"column":14}},"loc":{"start":{"line":9,"column":56},"end":{"line":17,"column":3}}},"2":{"name":"(anonymous_16)","decl":{"start":{"line":19,"column":2},"end":{"line":19,"column":8}},"loc":{"start":{"line":23,"column":49},"end":{"line":47,"column":null}}},"3":{"name":"(anonymous_19)","decl":{"start":{"line":49,"column":2},"end":{"line":49,"column":8}},"loc":{"start":{"line":49,"column":27},"end":{"line":52,"column":null}}},"4":{"name":"(anonymous_22)","decl":{"start":{"line":54,"column":2},"end":{"line":54,"column":8}},"loc":{"start":{"line":54,"column":32},"end":{"line":57,"column":null}}}},"branchMap":{"0":{"loc":{"start":{"line":22,"column":4},"end":{"line":22,"column":null}},"type":"if","locations":[{"start":{"line":22,"column":4},"end":{"line":22,"column":null}},{"start":{"line":22,"column":4},"end":{"line":22,"column":null}}]},"1":{"loc":{"start":{"line":23,"column":4},"end":{"line":23,"column":null}},"type":"if","locations":[{"start":{"line":23,"column":4},"end":{"line":23,"column":null}},{"start":{"line":23,"column":4},"end":{"line":23,"column":null}}]},"2":{"loc":{"start":{"line":29,"column":4},"end":{"line":31,"column":null}},"type":"if","locations":[{"start":{"line":29,"column":4},"end":{"line":31,"column":null}},{"start":{"line":29,"column":4},"end":{"line":31,"column":null}}]},"3":{"loc":{"start":{"line":50,"column":23},"end":{"line":50,"column":null}},"type":"switch","locations":[{"start":{"line":50,"column":23},"end":{"line":50,"column":null}}]},"4":{"loc":{"start":{"line":55,"column":16},"end":{"line":55,"column":null}},"type":"switch","locations":[{"start":{"line":55,"column":16},"end":{"line":55,"column":null}}]}},"s":{"0":1,"1":1,"2":1,"3":1,"4":1,"5":0,"6":0,"7":0,"8":0,"9":0,"10":0,"11":0,"12":0,"13":0,"14":0,"15":1,"16":0,"17":0,"18":0,"19":1,"20":0,"21":0,"22":0,"23":1},"f":{"0":1,"1":1,"2":0,"3":0,"4":0},"b":{"0":[0,0],"1":[0,0],"2":[0,0],"3":[0],"4":[0]}}
,"/Users/eli/repos/nhost-js-sdk/src/index.ts": {"path":"/Users/eli/repos/nhost-js-sdk/src/index.ts","statementMap":{"0":{"start":{"line":1,"column":0},"end":{"line":1,"column":31}},"1":{"start":{"line":2,"column":0},"end":{"line":2,"column":37}},"2":{"start":{"line":3,"column":0},"end":{"line":3,"column":36}},"3":{"start":{"line":6,"column":0},"end":{"line":6,"column":null}},"4":{"start":{"line":12,"column":4},"end":{"line":12,"column":25}},"5":{"start":{"line":13,"column":4},"end":{"line":13,"column":33}},"6":{"start":{"line":15,"column":4},"end":{"line":15,"column":37}},"7":{"start":{"line":18,"column":9},"end":{"line":21,"column":null}},"8":{"start":{"line":19,"column":4},"end":{"line":19,"column":36}},"9":{"start":{"line":20,"column":4},"end":{"line":20,"column":32}},"10":{"start":{"line":23,"column":9},"end":{"line":33,"column":null}},"11":{"start":{"line":24,"column":4},"end":{"line":26,"column":null}},"12":{"start":{"line":25,"column":6},"end":{"line":25,"column":72}},"13":{"start":{"line":28,"column":19},"end":{"line":30,"column":6}},"14":{"start":{"line":32,"column":4},"end":{"line":32,"column":49}},"15":{"start":{"line":35,"column":9},"end":{"line":45,"column":null}},"16":{"start":{"line":36,"column":4},"end":{"line":38,"column":null}},"17":{"start":{"line":37,"column":6},"end":{"line":37,"column":72}},"18":{"start":{"line":40,"column":19},"end":{"line":42,"column":6}},"19":{"start":{"line":44,"column":4},"end":{"line":44,"column":52}},"20":{"start":{"line":46,"column":0},"end":{"line":46,"column":null}},"21":{"start":{"line":48,"column":0},"end":{"line":48,"column":27}}},"fnMap":{"0":{"name":"(anonymous_1)","decl":{"start":{"line":6,"column":0},"end":{"line":6,"column":null}},"loc":{"start":{"line":6,"column":0},"end":{"line":46,"column":null}}},"1":{"name":"Nhost","decl":{"start":{"line":11,"column":2},"end":{"line":11,"column":null}},"loc":{"start":{"line":11,"column":2},"end":{"line":16,"column":3}}},"2":{"name":"(anonymous_3)","decl":{"start":{"line":18,"column":2},"end":{"line":18,"column":9}},"loc":{"start":{"line":18,"column":43},"end":{"line":21,"column":3}}},"3":{"name":"(anonymous_4)","decl":{"start":{"line":23,"column":2},"end":{"line":23,"column":9}},"loc":{"start":{"line":23,"column":2},"end":{"line":33,"column":3}}},"4":{"name":"(anonymous_5)","decl":{"start":{"line":35,"column":2},"end":{"line":35,"column":9}},"loc":{"start":{"line":35,"column":2},"end":{"line":45,"column":3}}}},"branchMap":{"0":{"loc":{"start":{"line":24,"column":4},"end":{"line":26,"column":null}},"type":"if","locations":[{"start":{"line":24,"column":4},"end":{"line":26,"column":null}},{"start":{"line":24,"column":4},"end":{"line":26,"column":null}}]},"1":{"loc":{"start":{"line":24,"column":8},"end":{"line":24,"column":29}},"type":"binary-expr","locations":[{"start":{"line":24,"column":8},"end":{"line":24,"column":29}},{"start":{"line":24,"column":33},"end":{"line":24,"column":47}}]},"2":{"loc":{"start":{"line":36,"column":4},"end":{"line":38,"column":null}},"type":"if","locations":[{"start":{"line":36,"column":4},"end":{"line":38,"column":null}},{"start":{"line":36,"column":4},"end":{"line":38,"column":null}}]},"3":{"loc":{"start":{"line":36,"column":8},"end":{"line":36,"column":29}},"type":"binary-expr","locations":[{"start":{"line":36,"column":8},"end":{"line":36,"column":29}},{"start":{"line":36,"column":33},"end":{"line":36,"column":47}}]}},"s":{"0":1,"1":1,"2":1,"3":1,"4":1,"5":1,"6":1,"7":1,"8":1,"9":1,"10":1,"11":1,"12":0,"13":1,"14":1,"15":1,"16":1,"17":0,"18":1,"19":1,"20":1,"21":1},"f":{"0":1,"1":1,"2":1,"3":1,"4":1},"b":{"0":[0,1],"1":[1,1],"2":[0,1],"3":[1,1]}}
,"/Users/eli/repos/nhost-js-sdk/src/test/test-utils.ts": {"path":"/Users/eli/repos/nhost-js-sdk/src/test/test-utils.ts","statementMap":{"0":{"start":{"line":1,"column":0},"end":{"line":1,"column":29}},"1":{"start":{"line":3,"column":15},"end":{"line":6,"column":2}},"2":{"start":{"line":8,"column":0},"end":{"line":8,"column":28}},"3":{"start":{"line":10,"column":13},"end":{"line":10,"column":25}},"4":{"start":{"line":13,"column":9},"end":{"line":13,"column":13}},"5":{"start":{"line":11,"column":16},"end":{"line":11,"column":31}},"6":{"start":{"line":13,"column":15},"end":{"line":13,"column":22}}},"fnMap":{},"branchMap":{},"s":{"0":1,"1":1,"2":1,"3":1,"4":1,"5":1,"6":1},"f":{},"b":{}}
}
