TN:
SF:src/Auth.ts
FN:5,(anonymous_14)
FN:13,Auth
FN:33,(anonymous_16)
FN:37,(anonymous_17)
FN:67,(anonymous_18)
FN:83,(anonymous_21)
FN:96,(anonymous_24)
FN:109,(anonymous_27)
FN:113,(anonymous_28)
FN:117,(anonymous_29)
FN:121,(anonymous_30)
FN:125,(anonymous_31)
FN:135,(anonymous_34)
FN:141,(anonymous_35)
FN:147,(anonymous_38)
FN:153,(anonymous_41)
FN:159,(anonymous_44)
FN:165,(anonymous_47)
FN:175,(anonymous_50)
FN:181,(anonymous_53)
FNF:20
FNH:14
FNDA:1,(anonymous_14)
FNDA:1,Auth
FNDA:1,(anonymous_16)
FNDA:12,(anonymous_17)
FNDA:8,(anonymous_18)
FNDA:6,(anonymous_21)
FNDA:6,(anonymous_24)
FNDA:1,(anonymous_27)
FNDA:2,(anonymous_28)
FNDA:2,(anonymous_29)
FNDA:1,(anonymous_30)
FNDA:1,(anonymous_31)
FNDA:10,(anonymous_34)
FNDA:0,(anonymous_35)
FNDA:0,(anonymous_38)
FNDA:0,(anonymous_41)
FNDA:0,(anonymous_44)
FNDA:1,(anonymous_47)
FNDA:0,(anonymous_50)
FNDA:0,(anonymous_53)
DA:1,1
DA:5,1
DA:14,1
DA:21,1
DA:25,1
DA:26,1
DA:27,1
DA:28,1
DA:30,1
DA:33,1
DA:34,1
DA:37,19
DA:39,12
DA:40,5
DA:44,12
DA:49,10
DA:51,10
DA:53,5
DA:60,5
DA:64,10
DA:67,1
DA:73,16
DA:79,6
DA:83,1
DA:86,6
DA:91,1
DA:93,5
DA:96,12
DA:98,12
DA:102,0
DA:105,6
DA:106,6
DA:109,1
DA:110,1
DA:113,1
DA:114,2
DA:117,1
DA:118,2
DA:121,1
DA:122,1
DA:125,1
DA:128,1
DA:130,1
DA:132,0
DA:135,1
DA:136,10
DA:137,10
DA:141,1
DA:142,0
DA:147,1
DA:148,0
DA:153,1
DA:154,0
DA:159,1
DA:160,0
DA:165,1
DA:169,2
DA:175,1
DA:176,0
DA:181,1
DA:185,0
DA:190,1
LF:62
LH:54
BRDA:22,0,0,0
BRDA:22,0,1,1
BRDA:37,1,0,7
BRDA:37,1,1,5
BRDA:39,2,0,5
BRDA:39,2,1,7
BRDA:44,3,0,2
BRDA:44,3,1,10
BRDA:51,4,0,5
BRDA:51,4,1,5
BRDA:96,5,0,6
BRDA:96,5,1,0
BRDA:142,6,0,0
BRDA:148,7,0,0
BRDA:154,8,0,0
BRDA:160,9,0,0
BRDA:169,10,0,1
BRDA:176,11,0,0
BRDA:185,12,0,0
BRF:19
BRH:11
end_of_record
TN:
SF:src/JWTMemory.ts
FN:3,(anonymous_1)
FN:7,JWTMemory
FN:12,(anonymous_3)
FN:18,(anonymous_4)
FN:22,(anonymous_5)
FN:26,(anonymous_6)
FNF:6
FNH:6
FNDA:1,(anonymous_1)
FNDA:1,JWTMemory
FNDA:5,(anonymous_3)
FNDA:2,(anonymous_4)
FNDA:1,(anonymous_5)
FNDA:6,(anonymous_6)
DA:1,1
DA:3,1
DA:8,1
DA:9,1
DA:12,1
DA:13,5
DA:14,5
DA:15,5
DA:18,1
DA:19,2
DA:22,1
DA:23,1
DA:26,1
DA:27,6
DA:29,1
LF:15
LH:15
BRF:0
BRH:0
end_of_record
TN:
SF:src/Storage.ts
FN:5,(anonymous_14)
FN:9,Storage
FN:19,(anonymous_16)
FN:49,(anonymous_19)
FN:54,(anonymous_22)
FNF:5
FNH:2
FNDA:1,(anonymous_14)
FNDA:1,Storage
FNDA:0,(anonymous_16)
FNDA:0,(anonymous_19)
FNDA:0,(anonymous_22)
DA:1,1
DA:5,1
DA:10,1
DA:16,1
DA:19,1
DA:22,0
DA:23,0
DA:25,0
DA:26,0
DA:29,0
DA:30,0
DA:33,0
DA:37,0
DA:46,0
DA:49,1
DA:50,0
DA:51,0
DA:54,1
DA:55,0
DA:56,0
DA:58,1
LF:21
LH:8
BRDA:22,0,0,0
BRDA:22,0,1,0
BRDA:23,1,0,0
BRDA:23,1,1,0
BRDA:29,2,0,0
BRDA:29,2,1,0
BRDA:50,3,0,0
BRDA:55,4,0,0
BRF:8
BRH:0
end_of_record
TN:
SF:src/index.ts
FN:6,(anonymous_1)
FN:11,Nhost
FN:18,(anonymous_3)
FN:23,(anonymous_4)
FN:35,(anonymous_5)
FNF:5
FNH:5
FNDA:1,(anonymous_1)
FNDA:1,Nhost
FNDA:1,(anonymous_3)
FNDA:1,(anonymous_4)
FNDA:1,(anonymous_5)
DA:1,1
DA:2,1
DA:3,1
DA:6,1
DA:12,1
DA:13,1
DA:15,1
DA:18,1
DA:19,1
DA:20,1
DA:23,1
DA:24,1
DA:25,0
DA:28,1
DA:32,1
DA:35,1
DA:36,1
DA:37,0
DA:40,1
DA:44,1
DA:46,1
DA:48,1
LF:22
LH:20
BRDA:24,0,0,0
BRDA:24,0,1,1
BRDA:24,1,0,1
BRDA:24,1,1,1
BRDA:36,2,0,0
BRDA:36,2,1,1
BRDA:36,3,0,1
BRDA:36,3,1,1
BRF:8
BRH:6
end_of_record
TN:
SF:src/test/test-utils.ts
FNF:0
FNH:0
DA:1,1
DA:3,1
DA:8,1
DA:10,1
DA:11,1
DA:13,1
LF:6
LH:6
BRF:0
BRH:0
end_of_record
